mode: set
StellaRP/modules/identity/infrastructure/persistence/Store.go:16.44,18.2 1 0
StellaRP/modules/identity/domain/user/ValueObject/userId.go:15.36,17.2 1 1
StellaRP/modules/identity/domain/user/ValueObject/userId.go:19.49,20.43 1 1
StellaRP/modules/identity/domain/user/ValueObject/userId.go:20.43,22.3 1 1
StellaRP/modules/identity/domain/user/ValueObject/userId.go:24.2,24.28 1 1
StellaRP/modules/identity/domain/user/ValueObject/userId.go:27.26,31.2 1 1
StellaRP/modules/identity/domain/client/client.go:25.46,27.2 1 1
StellaRP/modules/identity/domain/client/client.go:29.48,31.2 1 1
StellaRP/modules/identity/domain/client/client.go:33.35,35.2 1 1
StellaRP/modules/identity/domain/client/client.go:37.36,39.2 1 1
StellaRP/modules/identity/domain/client/client.go:41.42,43.2 1 1
StellaRP/modules/identity/domain/client/client.go:45.48,47.2 1 1
StellaRP/modules/identity/domain/client/client.go:49.43,51.2 1 1
StellaRP/modules/identity/domain/client/client.go:58.11,65.2 1 1
StellaRP/modules/identity/domain/client/ValueObjects/clientId.go:12.48,14.2 1 1
StellaRP/modules/identity/domain/client/ValueObjects/clientId.go:16.37,18.2 1 1
StellaRP/modules/identity/domain/client/ValueObjects/clientId.go:20.52,22.43 1 1
StellaRP/modules/identity/domain/client/ValueObjects/clientId.go:22.43,24.3 1 1
StellaRP/modules/identity/domain/client/ValueObjects/clientId.go:26.2,28.8 1 1
StellaRP/modules/identity/domain/client/ValueObjects/clientId.go:30.29,34.2 1 1
StellaRP/modules/identity/domain/client/ValueObjects/scopeId.go:12.46,14.2 1 1
StellaRP/modules/identity/domain/client/ValueObjects/scopeId.go:16.36,18.2 1 1
StellaRP/modules/identity/domain/client/ValueObjects/scopeId.go:20.50,22.43 1 1
StellaRP/modules/identity/domain/client/ValueObjects/scopeId.go:22.43,24.3 1 1
StellaRP/modules/identity/domain/client/ValueObjects/scopeId.go:25.2,27.8 1 1
StellaRP/modules/identity/domain/client/ValueObjects/scopeId.go:29.27,33.2 1 1
StellaRP/modules/identity/domain/realm/Entity/realmUser.go:27.52,30.2 2 1
StellaRP/modules/identity/domain/realm/Entity/realmUser.go:32.54,34.2 1 1
StellaRP/modules/identity/domain/realm/Entity/realmUser.go:36.39,38.2 1 1
StellaRP/modules/identity/domain/realm/Entity/realmUser.go:39.40,41.2 1 1
StellaRP/modules/identity/domain/realm/Entity/realmUser.go:43.43,45.2 1 1
StellaRP/modules/identity/domain/realm/Entity/realmUser.go:46.44,48.2 1 1
StellaRP/modules/identity/domain/realm/Entity/realmUser.go:50.42,52.2 1 1
StellaRP/modules/identity/domain/realm/Entity/realmUser.go:54.43,56.2 1 1
StellaRP/modules/identity/domain/realm/Entity/realmUser.go:58.42,60.2 1 1
StellaRP/modules/identity/domain/realm/Entity/realmUser.go:62.43,64.2 1 1
StellaRP/modules/identity/domain/realm/Entity/realmUser.go:66.125,74.2 1 1
StellaRP/modules/identity/domain/realm/realm.go:23.46,25.2 1 1
StellaRP/modules/identity/domain/realm/realm.go:27.44,32.2 2 1
StellaRP/modules/identity/domain/realm/realm.go:34.34,36.2 1 1
StellaRP/modules/identity/domain/realm/realm.go:38.39,40.2 1 1
StellaRP/modules/identity/domain/realm/realm.go:42.48,44.2 1 1
StellaRP/modules/identity/domain/realm/realm.go:46.53,48.2 1 1
StellaRP/modules/identity/domain/realm/realm.go:54.10,60.2 1 1
StellaRP/modules/identity/domain/client/Entities/scope.go:20.46,22.2 1 1
StellaRP/modules/identity/domain/client/Entities/scope.go:24.34,26.2 1 1
StellaRP/modules/identity/domain/client/Entities/scope.go:28.38,30.2 1 1
StellaRP/modules/identity/domain/client/Entities/scope.go:32.41,34.2 1 1
StellaRP/modules/identity/domain/client/Entities/scope.go:36.52,38.2 1 1
StellaRP/modules/identity/domain/client/Entities/scope.go:44.10,50.2 1 1
StellaRP/modules/identity/domain/realm/ValueObject/realmId.go:18.37,20.2 1 1
StellaRP/modules/identity/domain/realm/ValueObject/realmId.go:22.48,24.2 1 1
StellaRP/modules/identity/domain/realm/ValueObject/realmId.go:26.51,28.43 1 1
StellaRP/modules/identity/domain/realm/ValueObject/realmId.go:28.43,30.3 1 1
StellaRP/modules/identity/domain/realm/ValueObject/realmId.go:32.2,32.36 1 1
StellaRP/modules/identity/domain/realm/ValueObject/realmId.go:35.28,39.2 1 1
StellaRP/modules/identity/domain/realm/ValueObject/realmUserId.go:17.56,20.2 1 1
StellaRP/modules/identity/domain/realm/ValueObject/realmUserId.go:22.41,24.2 1 1
StellaRP/modules/identity/domain/realm/ValueObject/realmUserId.go:26.59,28.43 1 1
StellaRP/modules/identity/domain/realm/ValueObject/realmUserId.go:28.43,30.3 1 1
StellaRP/modules/identity/domain/realm/ValueObject/realmUserId.go:32.2,34.8 1 1
StellaRP/modules/identity/domain/realm/ValueObject/realmUserId.go:37.36,41.2 1 1
StellaRP/modules/identity/identityModule.go:10.37,13.31 1 1
StellaRP/modules/identity/identityModule.go:13.31,13.55 1 1
StellaRP/modules/identity/identityModule.go:16.2,16.10 1 1
StellaRP/modules/config/config.go:16.46,18.2 1 1
StellaRP/modules/config/config.go:20.42,22.2 1 1
StellaRP/modules/config/config.go:24.42,26.2 1 1
StellaRP/modules/config/config.go:28.42,30.2 1 1
StellaRP/modules/config/config.go:32.46,34.2 1 1
StellaRP/modules/config/config.go:36.22,39.2 2 1
StellaRP/modules/config/config.go:41.26,49.2 1 1
StellaRP/modules/config/configModule.go:5.35,9.18 2 1
StellaRP/modules/config/configModule.go:9.18,11.4 1 1
StellaRP/modules/config/configModule.go:14.2,14.15 1 1
